04-02-2020 01:13:39.916:  (username:root) read  (username:root)'s 'orci quis lectus.' titled post.
04-02-2020 01:55:08.468: Name18 Surname18sons(username:user18) read  (username:root)'s 'THAT IS A TITLE' titled post.
04-02-2020 01:55:16.117:  (username:root) read  (username:root)'s 'Ela kummeleita saa' titled post.
04-02-2020 01:55:23.159:  (username:root) read  (username:root)'s 'orci quis lectus.' titled post.
04-02-2020 01:57:51.303:  (username:root) read  (username:root)'s 'Sample title' titled post.
04-02-2020 01:58:02.605:  (username:root) read  (username:root)'s 'orci quis lectus.' titled post.
04-02-2020 01:58:14.337:  (username:root) read  (username:root)'s 'Ela kummeleita saa' titled post.
04-02-2020 01:58:21.518: Name18 Surname18sons(username:user18) read  (username:root)'s 'THAT IS A TITLE' titled post.
04-02-2020 01:58:26.549:  (username:root) read  (username:root)'s 'orci quis lectus.' titled post.
04-02-2020 01:58:34.692:  (username:root) read  (username:root)'s 'Ela kummeleita saa' titled post.
04-02-2020 02:13:20.570:  (username:root) read  (username:root)'s 'risus. Donec egestas.' titled post.
04-02-2020 02:13:46.695:  (username:root) read  (username:root)'s 'Sed auctor odio' titled post.
04-02-2020 02:13:55.173:  (username:root) read  (username:root)'s 'orci quis lectus.' titled post.
04-02-2020 02:16:35.107:  (username:root) read  (username:root)'s 'Ela kummeleita saa' titled post.
04-02-2020 02:19:11.235:  (username:root) read  (username:root)'s 'Morbi quis urna.' titled post.
04-02-2020 02:53:30.649:  (username:root) read Nine Ninthsons(username:user9)'s 'Dependent certainty off discovery' titled post.
04-02-2020 02:53:41.584: Tenth Tenthsons(username:user10) read Nine Ninthsons(username:user9)'s 'Give lady of they such they sure it' titled post.
04-02-2020 02:53:56.896: Seven Seventhsons(username:user7) read Nine Ninthsons(username:user9)'s 'Unwilling sportsmen' titled post.
04-02-2020 02:54:03.747: Tenth Tenthsons(username:user10) read Nine Ninthsons(username:user9)'s 'Give lady of they such they sure it' titled post.
04-02-2020 02:54:09.885: Tenth Tenthsons(username:user10) read Nine Ninthsons(username:user9)'s 'Give lady of they such they sure it' titled post.
04-02-2020 02:58:23.273: Nine Ninthsons(username:user9) read Third Thirdsons(username:user3)'s 'In to am attended desirous raptures' titled post.
04-02-2020 02:58:40.308:  (username:root) read Third Thirdsons(username:user3)'s 'Dependent certainty off discovery' titled post.
04-02-2020 03:04:25.408: Third Thirdsons(username:user3) read Third Thirdsons(username:user3)'s '????????? ????????? ???' titled post.
04-02-2020 03:05:45.003: Fourth Fourthsons(username:user4) read Fourth Fourthsons(username:user4)'s '? ??? ? ? ???' titled post.
04-02-2020 03:07:50.789: Fifth Fifthsons(username:user5) read Fifth Fifthsons(username:user5)'s '???. ?????? ??' titled post.
04-02-2020 03:10:23.986:  (username:root) read  (username:root)'s 'Dependent certainty off discovery' titled post.
04-02-2020 03:10:35.743:  (username:root) read Fifth Fifthsons(username:user5)'s 'Dependent certainty off discovery' titled post.
04-02-2020 03:11:03.126:  (username:root) read Fifth Fifthsons(username:user5)'s 'Dependent certainty off discovery' titled post.
04-02-2020 03:11:12.447:  (username:root) read Fifth Fifthsons(username:user5)'s 'Dependent certainty off discovery' titled post.
04-02-2020 03:13:43.989:  (username:root) read Fifth Fifthsons(username:user5)'s 'Dependent certainty off discovery' titled post.
04-02-2020 03:13:51.198: Tenth Tenthsons(username:user10) read Fifth Fifthsons(username:user5)'s 'Give lady of they such they sure it' titled post.
04-02-2020 03:14:11.170: Fourth Fourthsons(username:user4) read Fifth Fifthsons(username:user5)'s '? ??? ? ? ???' titled post.
04-02-2020 03:17:38.758: Tenth Tenthsons(username:user10) read Fifth Fifthsons(username:user5)'s 'Give lady of they such they sure it' titled post.
04-02-2020 03:31:40.635:  (username:root) read Fifth Fifthsons(username:user5)'s 'Dependent certainty off discovery' titled post.
04-02-2020 03:32:02.146:  (username:root) read Fifth Fifthsons(username:user5)'s 'Dependent certainty off discovery' titled post.
04-02-2020 03:32:09.357:  (username:root) read Fifth Fifthsons(username:user5)'s 'Dependent certainty off discovery' titled post.
04-02-2020 03:32:15.548:  (username:root) read Fifth Fifthsons(username:user5)'s 'Dependent certainty off discovery' titled post.
04-02-2020 03:32:28.370:  (username:root) read Fifth Fifthsons(username:user5)'s 'Dependent certainty off discovery' titled post.
04-02-2020 03:34:23.925:  (username:root) read Fifth Fifthsons(username:user5)'s 'Dependent certainty off discovery' titled post.
04-02-2020 03:34:31.737:  (username:root) read Fifth Fifthsons(username:user5)'s 'Dependent certainty off discovery' titled post.
04-02-2020 03:37:03.256: Third Thirdsons(username:user3) read Fifth Fifthsons(username:user5)'s 'Was drawing natural' titled post.
